<?xml version="1.0" encoding="UTF-8"?>
<testng-results ignored="0" total="1" passed="1" failed="0" skipped="0">
  <reporter-output>
  </reporter-output>
  <suite started-at="2022-04-13T15:37:19 IST" name="demo.LoginApp_Test" finished-at="2022-04-13T15:37:25 IST" duration-ms="5392">
    <groups>
    </groups>
    <test started-at="2022-04-13T15:37:19 IST" name="Command line test" finished-at="2022-04-13T15:37:25 IST" duration-ms="5392">
      <class name="demo.LoginApp_Test">
        <test-method is-config="true" signature="beforeClass1()[pri:0, instance:demo.LoginApp_Test@145f66e3]" started-at="2022-04-13T15:37:19 IST" name="beforeClass1" finished-at="2022-04-13T15:37:22 IST" duration-ms="2874" status="PASS">
          <reporter-output>
          </reporter-output>
        </test-method> <!-- beforeClass1 -->
        <test-method signature="test()[pri:0, instance:demo.LoginApp_Test@145f66e3]" started-at="2022-04-13T15:37:22 IST" name="test" finished-at="2022-04-13T15:37:25 IST" duration-ms="2432" status="PASS">
          <reporter-output>
          </reporter-output>
        </test-method> <!-- test -->
        <test-method is-config="true" signature="afterClass()[pri:0, instance:demo.LoginApp_Test@145f66e3]" started-at="2022-04-13T15:37:25 IST" name="afterClass" finished-at="2022-04-13T15:37:25 IST" duration-ms="65" status="PASS">
          <reporter-output>
          </reporter-output>
        </test-method> <!-- afterClass -->
      </class> <!-- demo.LoginApp_Test -->
    </test> <!-- Command line test -->
  </suite> <!-- demo.LoginApp_Test -->
</testng-results>
